C51 COMPILER V9.01   LCD                                                                   07/15/2022 03:40:09 PAGE 1   


C51 COMPILER V9.01, COMPILATION OF MODULE LCD
OBJECT MODULE PLACED IN lcd.obj
COMPILER INVOKED BY: D:\C51\BIN\C51.EXE App\lcd\lcd.c OMF2 BROWSE INCDIR(.\App\lcd;.\Public;.\App\keyboard;.\App\mypn532
                    -;.\App\UART) DEBUG PRINT(.\lcd.lst) OBJECT(lcd.obj)

line level    source

   1          #include<reg52.h>
   2          #include"lcd.h"
   3          
   4          //--lcd1602
   5          #define DB P1
   6          sbit RS=P2^7;
   7          sbit RW=P2^6;
   8          sbit EN=P2^5;
   9          
  10          void LcdWaitReady()
  11          {
  12   1              unsigned char sta;
  13   1              DB=0xFF;
  14   1              RS=0;
  15   1              RW=1;
  16   1              do
  17   1              {
  18   2                      EN=1;
  19   2                      sta=DB;
  20   2                      EN=0;   
  21   2              }
  22   1              while(sta&=0x80);//Lcd最高位不为1（忙）时，跳出循环
  23   1      }
  24          
  25          void LcdWriteCmd(unsigned char cmd)
  26          {
  27   1              LcdWaitReady();
  28   1              RS=0;
  29   1              RW=0;
  30   1              DB=cmd;
  31   1              EN=1;
  32   1              EN=0;   
  33   1      }
  34          
  35          void LcdWriteDat(unsigned char dat)
  36          {
  37   1              LcdWaitReady();
  38   1              RS=1;
  39   1              RW=0;
  40   1              DB=dat;
  41   1              EN=1;
  42   1              EN=0;
  43   1      }
  44          
  45          void InitLcd()
  46          {
  47   1              LcdWriteCmd(0x38);//设置2x16显示，5x7方格，8位数据接口
  48   1              LcdWriteCmd(0x0C);//显示器开，光标开，光标闪烁
  49   1              LcdWriteCmd(0x06);//文字不动，地址加1
  50   1              LcdWriteCmd(0x01);//清屏        
  51   1      }
  52          
  53          void LcdSetCursor(unsigned char x,unsigned char y)
  54          {
C51 COMPILER V9.01   LCD                                                                   07/15/2022 03:40:09 PAGE 2   

  55   1              unsigned char addr;
  56   1              if(y==0)
  57   1              {
  58   2                      addr=0x00+x;
  59   2              }
  60   1              else
  61   1              {
  62   2                      addr=0x40+x;
  63   2              }
  64   1              LcdWriteCmd(addr|=0x80);//设置RAM地址   
  65   1      }
  66          
  67          void LcdShowStr(unsigned char x,unsigned char y,unsigned char *str,unsigned char len)
  68          {
  69   1              LcdSetCursor(x,y);
  70   1              while(len--)
  71   1              {
  72   2                      LcdWriteDat(*str++);
  73   2              }
  74   1      }
  75          
  76          void LcdAreaClear(unsigned char x,unsigned char y,unsigned char len)
  77          {
  78   1              LcdSetCursor(x,y);
  79   1              while(len--)
  80   1              {
  81   2                      LcdWriteDat(' ');
  82   2              }
  83   1      }
  84          
  85          void LcdFullClear()
  86          {
  87   1              LcdWriteCmd(0x01);
  88   1      }


MODULE INFORMATION:   STATIC OVERLAYABLE
   CODE SIZE        =    153    ----
   CONSTANT SIZE    =   ----    ----
   XDATA SIZE       =   ----    ----
   PDATA SIZE       =   ----    ----
   DATA SIZE        =   ----       6
   IDATA SIZE       =   ----    ----
   BIT SIZE         =   ----    ----
   EDATA SIZE       =   ----    ----
   HDATA SIZE       =   ----    ----
   XDATA CONST SIZE =   ----    ----
   FAR CONST SIZE   =   ----    ----
END OF MODULE INFORMATION.


C51 COMPILATION COMPLETE.  0 WARNING(S),  0 ERROR(S)
