C51 COMPILER V9.01   MAIN                                                                  07/15/2022 03:40:09 PAGE 1   


C51 COMPILER V9.01, COMPILATION OF MODULE MAIN
OBJECT MODULE PLACED IN main.obj
COMPILER INVOKED BY: D:\C51\BIN\C51.EXE User\main.c OMF2 BROWSE INCDIR(.\App\lcd;.\Public;.\App\keyboard;.\App\mypn532;.
                    -\App\UART) DEBUG PRINT(.\main.lst) OBJECT(main.obj)

line level    source

   1          #include<reg52.h>
   2          #include<intrins.h>
   3          #include<string.h>
   4          #include"public.h"
   5          #include"lcd.h"
   6          #include"pn532.h"
   7          #include"uart.h"
   8          
   9          //--Keyborad
  10          sbit KEY1=P0^0;
  11          sbit KEY2=P0^1;
  12          //--UART
  13          unsigned char cntTxd=0;
  14          unsigned char *ptrTxd;
  15          unsigned char cntRxd=0;
  16          unsigned char *ptrRxd;
  17          unsigned char RXDbuf=0;
  18          unsigned char TXDbuf=0;
  19          //--pn532
  20          bit startwakeupsend=0;
  21          bit startwakeuprec=0;
  22          bit startfindcardsend=0;
  23          bit startfindcardrec=0;
  24          unsigned char cntwakeupsend=0;
  25          unsigned char cntwakeuprec=0;
  26          unsigned char cntfindcardsend=0;
  27          unsigned char cntfindcardrec=0;
  28          unsigned char code wakeupsend[24]={
  29                  0x55,0x55,0x00,0x00,0x00,0x00,
  30                  0x00,0x00,0x00,0x00,0x00,0x00,
  31                  0x00,0x00,0x00,0x00,0xFF,0x03,
  32                  0xFD,0xD4,0x14,0x01,0x17,0x00
  33          };
  34          unsigned char code findcard[11]=
  35          {
  36                  0x00,0x00,0xFF,0x04,
  37                  0xFC,0xD4,0x4A,0x02,
  38                  0x00,0xE0,0x00
  39          };
  40          
  41          unsigned char pbufrec[30]={0};
  42          
  43          
  44          //--public
  45          unsigned char Lcdbuf1[16]={0};
  46          unsigned char Lcdbuf2[16]={0};
  47          unsigned char cntlcd1=0;
  48          unsigned char cntlcd2=0;
  49          unsigned char namelib[][3]=
  50          {
  51                  {'x','z','y'}
  52          };
  53          unsigned char UIDlib[][4]=
  54          {
C51 COMPILER V9.01   MAIN                                                                  07/15/2022 03:40:09 PAGE 2   

  55                  {0x54,0xF4,0x15,0x6E}
  56          };
  57          unsigned char flagname=0x02;
  58          unsigned char namebuf[4]={0};
  59          //--test
  60          
  61          unsigned char libcount=1;
  62          void LcdFindName(unsigned char *pbuf);
  63          void LcdFindName(unsigned char *pbuf)
  64          {
  65   1              unsigned char m=0;
  66   1              for(m=0;m<libcount;m++)
  67   1              {
  68   2                      unsigned char n;
  69   2                      for(n=0;n<4;n++)
  70   2                      {
  71   3                              if(*(pbuf+n)!=UIDlib[m][n])
  72   3                              {
  73   4                                      break;
  74   4                              }
  75   3                      }
  76   2                      if(n==4)
  77   2                      {
  78   3                              flagname=m;
  79   3                              return ;
  80   3                      }
  81   2              }       
  82   1      }
  83          
  84          void main()
  85          {
  86   1              unsigned int i;
  87   1              EA=1;
  88   1              C51InitUart();
  89   1              InitLcd();
  90   1      ///*    
  91   1              //初始界面
  92   1              LcdShowStr(0,0,"Welcome",7);
  93   1              C51Delay1us(60000);
  94   1              C51Delay1us(60000);
  95   1              LcdShowStr(0,0,"1-wakeup",8);
  96   1              LcdShowStr(0,1,"2-findcard",10);
  97   1      
  98   1              //键盘KEY1，开始发送唤醒指令
  99   1              while(KEY1);
 100   1      
 101   1              //唤醒pn532，Lcd显示"Waking."
 102   1              LcdFullClear();
 103   1              LcdShowStr(0,0,"Waking up...",12);
 104   1              C51Delay1us(60000);
 105   1              C51Delay1us(60000);
 106   1                      //开始发送唤醒指令
 107   1              startwakeupsend=1;
 108   1              TI=1;   
 109   1              while(cntwakeupsend<24);//等待发送结束
 110   1                 //发送结束，Lcd显示"Success",一段时间后显示应答码
 111   1              startwakeuprec=1;//开始接收应答
 112   1              LcdFullClear();
 113   1              while(cntwakeuprec<15);//转化为ASCII码在Lcd屏输出
 114   1              LcdShowStr(0,0,"Success",7);//接收成功
 115   1              for(i=0;i<15;i++)
 116   1              {
C51 COMPILER V9.01   MAIN                                                                  07/15/2022 03:40:09 PAGE 3   

 117   2                      hextoascii(pbufrec[i]);
 118   2              }
 119   1              LcdShowStr(0,0,"WaitForAscii",12);
 120   1              C51Delay1us(60000);
 121   1              C51Delay1us(60000);
 122   1              LcdShowStr(0,0,Lcdbuf1,16);
 123   1              LcdShowStr(0,1,Lcdbuf2,14);
 124   1              
 125   1      
 126   1              //Lcd显示参数清零
 127   1              cntlcd1=0;
 128   1              cntlcd2=0;
 129   1              //--------------------------
 130   1      
 131   1              //--寻卡
 132   1                      //--按下KEY2开始寻卡
 133   1              while(KEY2);
 134   1              //发送寻卡指令，Lcd显示"Finding card..."
 135   1              LcdFullClear();
 136   1              LcdShowStr(0,0,"Finding card...",15);
 137   1              C51Delay1us(60000);
 138   1              C51Delay1us(60000);
 139   1                      //开始发送寻卡指令
 140   1              startfindcardsend=1;
 141   1              TI=1;
 142   1              while(cntfindcardsend<11);//等待发送结束
 143   1                      //发送结束，开始接收，一段时间后Lcd显示应答
 144   1              startfindcardrec=1;//开始接收应答
 145   1              LcdFullClear();
 146   1              LcdShowStr(0,0,"Success",7);//接收成功
 147   1              while(cntfindcardrec<25);//转化为ASCII码在Lcd屏输出
 148   1              for(i=19;i<23;i++)//转换UID码
 149   1              {
 150   2                      hextoascii(pbufrec[i]);
 151   2                      namebuf[i-19]=pbufrec[i];
 152   2              }
 153   1                      //对应名字缩写
 154   1      
 155   1              LcdFindName(namebuf);
 156   1              LcdShowStr(0,0,"WaitForAscii...",15);
 157   1              C51Delay1us(60000);
 158   1              LcdFullClear();
 159   1              LcdShowStr(0,0,Lcdbuf1,8);
 160   1              LcdShowStr(10,0,namelib[flagname],3);
 161   1              while(1);
 162   1      //*/
 163   1      }
 164          
 165          void IntUart()interrupt 4
 166          {
 167   1      
 168   1      ///*
 169   1              if(RI)
 170   1              {
 171   2                      RI=0;
 172   2                      if(startwakeuprec)//接收唤醒应答
 173   2                      {
 174   3                              if(cntwakeuprec<15)
 175   3                              {
 176   4                                      pbufrec[cntwakeuprec++]=SBUF;
 177   4                              }
 178   3                      }
C51 COMPILER V9.01   MAIN                                                                  07/15/2022 03:40:09 PAGE 4   

 179   2                      if(startfindcardrec)//接收寻卡应答
 180   2                      {
 181   3                              if(cntfindcardrec<25)
 182   3                              {
 183   4                                      pbufrec[cntfindcardrec++]=SBUF;
 184   4                              }
 185   3                      }
 186   2              }
 187   1              if(TI)
 188   1              {
 189   2                      TI=0;
 190   2                      if(startwakeupsend)//发送唤醒指令
 191   2                      {
 192   3                              
 193   3                              if(cntwakeupsend<24)
 194   3                              {
 195   4                                      TXDbuf=wakeupsend[cntwakeupsend++];
 196   4                                      SBUF=TXDbuf;
 197   4                              }       
 198   3                      }
 199   2                      if(startfindcardsend)//发送寻卡指令
 200   2                      {
 201   3                              if(cntfindcardsend<11)
 202   3                              {
 203   4                                      TXDbuf=findcard[cntfindcardsend++];
 204   4                                      SBUF=TXDbuf;
 205   4                              }
 206   3                      }
 207   2                        
 208   2              }
 209   1      
 210   1      //*/
 211   1      
 212   1      /*
 213   1              if(RI)
 214   1              {
 215   1                      RI=0;
 216   1                      if(cnttest<10)
 217   1                      {
 218   1                              RXDbuf=SBUF;
 219   1                              SBUF=RXDbuf;
 220   1                              
 221   1                      }       
 222   1              }
 223   1              if(TI)
 224   1              {
 225   1                      TI=0;
 226   1              }
 227   1      */
 228   1                              
 229   1      }
 230          
 231          


MODULE INFORMATION:   STATIC OVERLAYABLE
   CODE SIZE        =    623    ----
   CONSTANT SIZE    =    129    ----
   XDATA SIZE       =   ----    ----
   PDATA SIZE       =   ----    ----
   DATA SIZE        =     91       6
   IDATA SIZE       =   ----    ----
C51 COMPILER V9.01   MAIN                                                                  07/15/2022 03:40:09 PAGE 5   

   BIT SIZE         =      4    ----
   EDATA SIZE       =   ----    ----
   HDATA SIZE       =   ----    ----
   XDATA CONST SIZE =   ----    ----
   FAR CONST SIZE   =   ----    ----
END OF MODULE INFORMATION.


C51 COMPILATION COMPLETE.  0 WARNING(S),  0 ERROR(S)
