C51 COMPILER V9.01   UART                                                                  07/15/2022 03:40:09 PAGE 1   


C51 COMPILER V9.01, COMPILATION OF MODULE UART
OBJECT MODULE PLACED IN uart.obj
COMPILER INVOKED BY: D:\C51\BIN\C51.EXE App\UART\uart.c OMF2 BROWSE INCDIR(.\App\lcd;.\Public;.\App\keyboard;.\App\mypn5
                    -32;.\App\UART) DEBUG PRINT(.\uart.lst) OBJECT(uart.obj)

line level    source

   1          #include<reg52.h>
   2          #include"uart.h"
   3          
   4          
   5          //-----------------------------UART1部分使用的全局变量---------------------------
   6          xdata unsigned char gPn532Data[100];            //13.56M RF数据缓存
   7          xdata unsigned char *gpPn532RxBuf, gPn532RxLen; //用于中断函数处理接收buf
   8          xdata unsigned char gi;     //用于接收数据与接收ack之间进行区别
   9          //-------------------------------------------------------------------------------
  10          
  11          unsigned char gTimeOutFlag;
  12          unsigned char gUart1RecvFlag;
  13          
  14          /**************************************************
  15          Function: init_uart();
  16          
  17          Description:
  18            set uart working mode,
  19            使用独立波特率发生器作为波特率发生器
  20          **************************************************/
  21          void C51InitUart(void)
  22          {
  23   1          T2MOD = 0x01;
  24   1              T2CON = 0x30;
  25   1              TH2 = 0xFF;
  26   1              TL2 = 0xFD;
  27   1              RCAP2H = 0xFF;
  28   1              RCAP2L = 0xFD;
  29   1              SCON = 0x50;
  30   1              PCON = 0x00;
  31   1              TR2 = 1;
  32   1              ES = 1;
  33   1      }
  34          
  35          //串口1发送一个字节函数
  36          void C51Uart1SendByte(unsigned char num)
  37          {
  38   1          ES = 0;
  39   1          TI = 0;
  40   1          SBUF = num;
  41   1          while (0 == TI);
  42   1          TI = 0;
  43   1          ES = 1;
  44   1      }
  45          


MODULE INFORMATION:   STATIC OVERLAYABLE
   CODE SIZE        =     43    ----
   CONSTANT SIZE    =   ----    ----
   XDATA SIZE       =    105    ----
   PDATA SIZE       =   ----    ----
   DATA SIZE        =      2    ----
   IDATA SIZE       =   ----    ----
C51 COMPILER V9.01   UART                                                                  07/15/2022 03:40:09 PAGE 2   

   BIT SIZE         =   ----    ----
   EDATA SIZE       =   ----    ----
   HDATA SIZE       =   ----    ----
   XDATA CONST SIZE =   ----    ----
   FAR CONST SIZE   =   ----    ----
END OF MODULE INFORMATION.


C51 COMPILATION COMPLETE.  0 WARNING(S),  0 ERROR(S)
